INFO:root:Generation 0
INFO:root:Best Pipeline: RandomForestRegressor(input_matrix, RandomForestRegressor__bootstrap=True, RandomForestRegressor__max_features=0.7500000000000001, RandomForestRegressor__min_samples_leaf=11, RandomForestRegressor__min_samples_split=9, RandomForestRegressor__n_estimators=100)
INFO:root:Metrics: -2.139050616722917
INFO:root:Generation 1
INFO:root:Best Pipeline: RandomForestRegressor(ElasticNetCV(input_matrix, ElasticNetCV__l1_ratio=0.75, ElasticNetCV__tol=0.01), RandomForestRegressor__bootstrap=True, RandomForestRegressor__max_features=0.4, RandomForestRegressor__min_samples_leaf=16, RandomForestRegressor__min_samples_split=14, RandomForestRegressor__n_estimators=100)
INFO:root:Metrics: -4.28720648349888
INFO:root:Generation 2
INFO:root:Best Pipeline: AdaBoostRegressor(input_matrix, AdaBoostRegressor__learning_rate=1.0, AdaBoostRegressor__loss=exponential, AdaBoostRegressor__n_estimators=100)
INFO:root:Metrics: -67.9131835553409
INFO:root:Generation 3
INFO:root:Best Pipeline: RandomForestRegressor(input_matrix, RandomForestRegressor__bootstrap=True, RandomForestRegressor__max_features=0.05, RandomForestRegressor__min_samples_leaf=7, RandomForestRegressor__min_samples_split=13, RandomForestRegressor__n_estimators=100)
INFO:root:Metrics: -7.859421739588578
INFO:root:Generation 4
INFO:root:Best Pipeline: DecisionTreeRegressor(input_matrix, DecisionTreeRegressor__max_depth=6, DecisionTreeRegressor__min_samples_leaf=17, DecisionTreeRegressor__min_samples_split=5)
INFO:root:Metrics: -30.60447372562204
INFO:root:Generation 5
INFO:root:Best Pipeline: DecisionTreeRegressor(DecisionTreeRegressor(input_matrix, DecisionTreeRegressor__max_depth=10, DecisionTreeRegressor__min_samples_leaf=15, DecisionTreeRegressor__min_samples_split=12), DecisionTreeRegressor__max_depth=7, DecisionTreeRegressor__min_samples_leaf=3, DecisionTreeRegressor__min_samples_split=4)
INFO:root:Metrics: -9.084320487479282
INFO:root:Generation 6
INFO:root:Best Pipeline: ElasticNetCV(input_matrix, ElasticNetCV__l1_ratio=1.0, ElasticNetCV__tol=0.1)
INFO:root:Metrics: -70.1235112855598
INFO:root:Generation 7
INFO:root:Best Pipeline: ExtraTreesRegressor(Nystroem(input_matrix, Nystroem__gamma=0.2, Nystroem__kernel=poly, Nystroem__n_components=5), ExtraTreesRegressor__bootstrap=True, ExtraTreesRegressor__max_features=0.6500000000000001, ExtraTreesRegressor__min_samples_leaf=9, ExtraTreesRegressor__min_samples_split=11, ExtraTreesRegressor__n_estimators=100)
INFO:root:Metrics: -42.55450260395021
INFO:root:Generation 8
INFO:root:Best Pipeline: AdaBoostRegressor(input_matrix, AdaBoostRegressor__learning_rate=0.01, AdaBoostRegressor__loss=linear, AdaBoostRegressor__n_estimators=100)
INFO:root:Metrics: -49.808397812563854
INFO:root:Generation 9
INFO:root:Best Pipeline: ElasticNetCV(GradientBoostingRegressor(input_matrix, GradientBoostingRegressor__alpha=0.9, GradientBoostingRegressor__learning_rate=0.01, GradientBoostingRegressor__loss=quantile, GradientBoostingRegressor__max_depth=10, GradientBoostingRegressor__max_features=0.7000000000000001, GradientBoostingRegressor__min_samples_leaf=9, GradientBoostingRegressor__min_samples_split=12, GradientBoostingRegressor__n_estimators=100, GradientBoostingRegressor__subsample=0.9000000000000001), ElasticNetCV__l1_ratio=0.5, ElasticNetCV__tol=1e-05)
INFO:root:Metrics: -70.92787642852737
INFO:root:Generation 10
INFO:root:Best Pipeline: GradientBoostingRegressor(input_matrix, GradientBoostingRegressor__alpha=0.95, GradientBoostingRegressor__learning_rate=1.0, GradientBoostingRegressor__loss=huber, GradientBoostingRegressor__max_depth=10, GradientBoostingRegressor__max_features=0.5, GradientBoostingRegressor__min_samples_leaf=17, GradientBoostingRegressor__min_samples_split=6, GradientBoostingRegressor__n_estimators=100, GradientBoostingRegressor__subsample=0.9000000000000001)
INFO:root:Metrics: -1.5538780302017288
INFO:root:Generation 11
INFO:root:Best Pipeline: DecisionTreeRegressor(input_matrix, DecisionTreeRegressor__max_depth=4, DecisionTreeRegressor__min_samples_leaf=14, DecisionTreeRegressor__min_samples_split=6)
INFO:root:Metrics: -43.303733316524266
INFO:root:Generation 12
INFO:root:Best Pipeline: RidgeCV(input_matrix)
INFO:root:Metrics: -72.19590016355431
INFO:root:Generation 13
INFO:root:Best Pipeline: DecisionTreeRegressor(FastICA(input_matrix, FastICA__tol=0.45), DecisionTreeRegressor__max_depth=3, DecisionTreeRegressor__min_samples_leaf=8, DecisionTreeRegressor__min_samples_split=11)
INFO:root:Metrics: -59.557240282893645
INFO:root:Generation 14
INFO:root:Best Pipeline: RandomForestRegressor(input_matrix, RandomForestRegressor__bootstrap=True, RandomForestRegressor__max_features=0.55, RandomForestRegressor__min_samples_leaf=2, RandomForestRegressor__min_samples_split=17, RandomForestRegressor__n_estimators=100)
INFO:root:Metrics: -1.82096025884439
INFO:root:Generation 15
INFO:root:Best Pipeline: AdaBoostRegressor(AdaBoostRegressor(input_matrix, AdaBoostRegressor__learning_rate=0.1, AdaBoostRegressor__loss=linear, AdaBoostRegressor__n_estimators=100), AdaBoostRegressor__learning_rate=0.01, AdaBoostRegressor__loss=linear, AdaBoostRegressor__n_estimators=100)
INFO:root:Metrics: -37.43094213556502
INFO:root:Generation 16
INFO:root:Best Pipeline: RidgeCV(ElasticNetCV(input_matrix, ElasticNetCV__l1_ratio=0.75, ElasticNetCV__tol=0.001))
INFO:root:Metrics: -71.15934198306184
INFO:root:Generation 17
INFO:root:Best Pipeline: LinearSVR(input_matrix, LinearSVR__C=0.0001, LinearSVR__dual=False, LinearSVR__epsilon=0.001, LinearSVR__loss=squared_epsilon_insensitive, LinearSVR__tol=0.0001)
INFO:root:Metrics: -98.31690259673427
INFO:root:Generation 18
INFO:root:Best Pipeline: AdaBoostRegressor(input_matrix, AdaBoostRegressor__learning_rate=0.1, AdaBoostRegressor__loss=linear, AdaBoostRegressor__n_estimators=100)
INFO:root:Metrics: -43.50720628213094
INFO:root:Generation 19
INFO:root:Best Pipeline: RidgeCV(ZeroCount(ElasticNetCV(input_matrix, ElasticNetCV__l1_ratio=0.75, ElasticNetCV__tol=0.001)))
INFO:root:Metrics: -459.89304526143314
INFO:root:Generation 20
INFO:root:Best Pipeline: DecisionTreeRegressor(input_matrix, DecisionTreeRegressor__max_depth=4, DecisionTreeRegressor__min_samples_leaf=17, DecisionTreeRegressor__min_samples_split=6)
INFO:root:Metrics: -43.30395978768142
INFO:root:Generation 21
INFO:root:Best Pipeline: GradientBoostingRegressor(input_matrix, GradientBoostingRegressor__alpha=0.85, GradientBoostingRegressor__learning_rate=1.0, GradientBoostingRegressor__loss=huber, GradientBoostingRegressor__max_depth=10, GradientBoostingRegressor__max_features=0.5, GradientBoostingRegressor__min_samples_leaf=17, GradientBoostingRegressor__min_samples_split=6, GradientBoostingRegressor__n_estimators=100, GradientBoostingRegressor__subsample=0.9000000000000001)
INFO:root:Metrics: -1.9351458156800707
INFO:root:Generation 22
INFO:root:Best Pipeline: DecisionTreeRegressor(RobustScaler(input_matrix), DecisionTreeRegressor__max_depth=4, DecisionTreeRegressor__min_samples_leaf=14, DecisionTreeRegressor__min_samples_split=6)
INFO:root:Metrics: -41.8647111594119
INFO:root:Generation 23
INFO:root:Best Pipeline: DecisionTreeRegressor(input_matrix, DecisionTreeRegressor__max_depth=6, DecisionTreeRegressor__min_samples_leaf=20, DecisionTreeRegressor__min_samples_split=5)
INFO:root:Metrics: -30.613047020519424
INFO:root:Generation 24
INFO:root:Best Pipeline: RandomForestRegressor(input_matrix, RandomForestRegressor__bootstrap=False, RandomForestRegressor__max_features=0.35000000000000003, RandomForestRegressor__min_samples_leaf=19, RandomForestRegressor__min_samples_split=2, RandomForestRegressor__n_estimators=100)
INFO:root:Metrics: -4.082718532148556
INFO:root:Generation 25
INFO:root:Best Pipeline: GradientBoostingRegressor(input_matrix, GradientBoostingRegressor__alpha=0.75, GradientBoostingRegressor__learning_rate=0.01, GradientBoostingRegressor__loss=huber, GradientBoostingRegressor__max_depth=2, GradientBoostingRegressor__max_features=0.7500000000000001, GradientBoostingRegressor__min_samples_leaf=19, GradientBoostingRegressor__min_samples_split=5, GradientBoostingRegressor__n_estimators=100, GradientBoostingRegressor__subsample=0.2)
INFO:root:Metrics: -68.31235620769469
INFO:root:Generation 26
INFO:root:Best Pipeline: RandomForestRegressor(input_matrix, RandomForestRegressor__bootstrap=False, RandomForestRegressor__max_features=1.0, RandomForestRegressor__min_samples_leaf=11, RandomForestRegressor__min_samples_split=10, RandomForestRegressor__n_estimators=100)
INFO:root:Metrics: -1.200615876751724
INFO:root:Generation 27
INFO:root:Best Pipeline: AdaBoostRegressor(input_matrix, AdaBoostRegressor__learning_rate=0.01, AdaBoostRegressor__loss=square, AdaBoostRegressor__n_estimators=100)
INFO:root:Metrics: -50.00444028760663
INFO:root:Generation 28
INFO:root:Best Pipeline: ElasticNetCV(input_matrix, ElasticNetCV__l1_ratio=0.5, ElasticNetCV__tol=0.1)
INFO:root:Metrics: -70.92828080921268
INFO:root:Generation 29
INFO:root:Best Pipeline: KNeighborsRegressor(input_matrix, KNeighborsRegressor__n_neighbors=9, KNeighborsRegressor__p=2, KNeighborsRegressor__weights=uniform)
INFO:root:Metrics: -13.307278533932442
INFO:root:Generation 30
INFO:root:Best Pipeline: ElasticNetCV(input_matrix, ElasticNetCV__l1_ratio=0.45, ElasticNetCV__tol=0.01)
INFO:root:Metrics: -71.08333510988652
INFO:root:Generation 31
INFO:root:Best Pipeline: RandomForestRegressor(input_matrix, RandomForestRegressor__bootstrap=True, RandomForestRegressor__max_features=0.4, RandomForestRegressor__min_samples_leaf=16, RandomForestRegressor__min_samples_split=14, RandomForestRegressor__n_estimators=100)
INFO:root:Metrics: -4.897038304251802
INFO:root:Generation 32
INFO:root:Best Pipeline: ElasticNetCV(input_matrix, ElasticNetCV__l1_ratio=0.5, ElasticNetCV__tol=1e-05)
INFO:root:Metrics: -70.92787629729956
INFO:root:Generation 33
INFO:root:Best Pipeline: DecisionTreeRegressor(input_matrix, DecisionTreeRegressor__max_depth=10, DecisionTreeRegressor__min_samples_leaf=17, DecisionTreeRegressor__min_samples_split=5)
INFO:root:Metrics: -13.099658088490111
INFO:root:Generation 34
INFO:root:Best Pipeline: AdaBoostRegressor(input_matrix, AdaBoostRegressor__learning_rate=0.001, AdaBoostRegressor__loss=exponential, AdaBoostRegressor__n_estimators=100)
INFO:root:Metrics: -49.722744623132066
INFO:root:Generation 35
INFO:root:Best Pipeline: LinearSVR(input_matrix, LinearSVR__C=0.0001, LinearSVR__dual=False, LinearSVR__epsilon=1.0, LinearSVR__loss=squared_epsilon_insensitive, LinearSVR__tol=0.0001)
INFO:root:Metrics: -98.36850292436655
INFO:root:Generation 36
INFO:root:Best Pipeline: RandomForestRegressor(input_matrix, RandomForestRegressor__bootstrap=False, RandomForestRegressor__max_features=0.05, RandomForestRegressor__min_samples_leaf=7, RandomForestRegressor__min_samples_split=13, RandomForestRegressor__n_estimators=100)
INFO:root:Metrics: -5.661178399372628
INFO:root:Generation 37
INFO:root:Best Pipeline: KNeighborsRegressor(input_matrix, KNeighborsRegressor__n_neighbors=40, KNeighborsRegressor__p=2, KNeighborsRegressor__weights=distance)
INFO:root:Metrics: -17.189951719580943
INFO:root:Generation 38
INFO:root:Best Pipeline: DecisionTreeRegressor(RobustScaler(input_matrix), DecisionTreeRegressor__max_depth=4, DecisionTreeRegressor__min_samples_leaf=7, DecisionTreeRegressor__min_samples_split=6)
INFO:root:Metrics: -41.87182215340803
INFO:root:Generation 39
INFO:root:Best Pipeline: GradientBoostingRegressor(input_matrix, GradientBoostingRegressor__alpha=0.95, GradientBoostingRegressor__learning_rate=0.5, GradientBoostingRegressor__loss=huber, GradientBoostingRegressor__max_depth=10, GradientBoostingRegressor__max_features=0.5, GradientBoostingRegressor__min_samples_leaf=17, GradientBoostingRegressor__min_samples_split=6, GradientBoostingRegressor__n_estimators=100, GradientBoostingRegressor__subsample=0.9000000000000001)
INFO:root:Metrics: -1.1497801659191227
INFO:root:Generation 40
INFO:root:Best Pipeline: RandomForestRegressor(input_matrix, RandomForestRegressor__bootstrap=True, RandomForestRegressor__max_features=0.7500000000000001, RandomForestRegressor__min_samples_leaf=20, RandomForestRegressor__min_samples_split=9, RandomForestRegressor__n_estimators=100)
INFO:root:Metrics: -3.433420371016542
INFO:root:Generation 41
INFO:root:Best Pipeline: RandomForestRegressor(input_matrix, RandomForestRegressor__bootstrap=True, RandomForestRegressor__max_features=0.7500000000000001, RandomForestRegressor__min_samples_leaf=11, RandomForestRegressor__min_samples_split=3, RandomForestRegressor__n_estimators=100)
INFO:root:Metrics: -2.139050616722917
INFO:root:Generation 42
INFO:root:Best Pipeline: RandomForestRegressor(input_matrix, RandomForestRegressor__bootstrap=True, RandomForestRegressor__max_features=0.5, RandomForestRegressor__min_samples_leaf=11, RandomForestRegressor__min_samples_split=9, RandomForestRegressor__n_estimators=100)
INFO:root:Metrics: -3.040392574082396
INFO:root:Generation 43
INFO:root:Best Pipeline: AdaBoostRegressor(RidgeCV(AdaBoostRegressor(input_matrix, AdaBoostRegressor__learning_rate=0.1, AdaBoostRegressor__loss=linear, AdaBoostRegressor__n_estimators=100)), AdaBoostRegressor__learning_rate=0.01, AdaBoostRegressor__loss=linear, AdaBoostRegressor__n_estimators=100)
INFO:root:Metrics: -36.2909441265207
INFO:root:Generation 44
INFO:root:Best Pipeline: DecisionTreeRegressor(MinMaxScaler(input_matrix), DecisionTreeRegressor__max_depth=10, DecisionTreeRegressor__min_samples_leaf=17, DecisionTreeRegressor__min_samples_split=5)
INFO:root:Metrics: -11.954587928534192
INFO:root:Generation 45
INFO:root:Best Pipeline: AdaBoostRegressor(input_matrix, AdaBoostRegressor__learning_rate=0.1, AdaBoostRegressor__loss=exponential, AdaBoostRegressor__n_estimators=100)
INFO:root:Metrics: -43.574833571611805
INFO:root:Generation 46
INFO:root:Best Pipeline: GradientBoostingRegressor(StandardScaler(input_matrix), GradientBoostingRegressor__alpha=0.85, GradientBoostingRegressor__learning_rate=1.0, GradientBoostingRegressor__loss=huber, GradientBoostingRegressor__max_depth=10, GradientBoostingRegressor__max_features=0.5, GradientBoostingRegressor__min_samples_leaf=17, GradientBoostingRegressor__min_samples_split=6, GradientBoostingRegressor__n_estimators=100, GradientBoostingRegressor__subsample=0.9000000000000001)
INFO:root:Metrics: -1.7637628644989394
INFO:root:Generation 47
INFO:root:Best Pipeline: AdaBoostRegressor(AdaBoostRegressor(MinMaxScaler(input_matrix), AdaBoostRegressor__learning_rate=0.1, AdaBoostRegressor__loss=linear, AdaBoostRegressor__n_estimators=100), AdaBoostRegressor__learning_rate=0.01, AdaBoostRegressor__loss=linear, AdaBoostRegressor__n_estimators=100)
INFO:root:Metrics: -32.75641640638484
INFO:root:Generation 48
INFO:root:Best Pipeline: RandomForestRegressor(input_matrix, RandomForestRegressor__bootstrap=True, RandomForestRegressor__max_features=1.0, RandomForestRegressor__min_samples_leaf=11, RandomForestRegressor__min_samples_split=10, RandomForestRegressor__n_estimators=100)
INFO:root:Metrics: -1.6558975847169168
INFO:root:Generation 49
INFO:root:Best Pipeline: AdaBoostRegressor(StandardScaler(input_matrix), AdaBoostRegressor__learning_rate=0.01, AdaBoostRegressor__loss=linear, AdaBoostRegressor__n_estimators=100)
INFO:root:Metrics: -45.90037850296557
INFO:root:Generation 50
INFO:root:Best Pipeline: RandomForestRegressor(input_matrix, RandomForestRegressor__bootstrap=True, RandomForestRegressor__max_features=0.7500000000000001, RandomForestRegressor__min_samples_leaf=11, RandomForestRegressor__min_samples_split=7, RandomForestRegressor__n_estimators=100)
INFO:root:Metrics: -2.139050616722917
INFO:root:Generation 51
INFO:root:Best Pipeline: LinearSVR(input_matrix, LinearSVR__C=0.01, LinearSVR__dual=True, LinearSVR__epsilon=1.0, LinearSVR__loss=squared_epsilon_insensitive, LinearSVR__tol=1e-05)
INFO:root:Metrics: -169.94037102473496
INFO:root:Generation 52
INFO:root:Best Pipeline: RandomForestRegressor(input_matrix, RandomForestRegressor__bootstrap=True, RandomForestRegressor__max_features=0.7500000000000001, RandomForestRegressor__min_samples_leaf=11, RandomForestRegressor__min_samples_split=19, RandomForestRegressor__n_estimators=100)
INFO:root:Metrics: -2.139050616722917
INFO:root:Generation 53
INFO:root:Best Pipeline: RandomForestRegressor(ElasticNetCV(input_matrix, ElasticNetCV__l1_ratio=0.75, ElasticNetCV__tol=0.001), RandomForestRegressor__bootstrap=True, RandomForestRegressor__max_features=0.4, RandomForestRegressor__min_samples_leaf=16, RandomForestRegressor__min_samples_split=14, RandomForestRegressor__n_estimators=100)
INFO:root:Metrics: -4.28720648349888
INFO:root:Generation 54
INFO:root:Best Pipeline: GradientBoostingRegressor(input_matrix, GradientBoostingRegressor__alpha=0.85, GradientBoostingRegressor__learning_rate=1.0, GradientBoostingRegressor__loss=huber, GradientBoostingRegressor__max_depth=10, GradientBoostingRegressor__max_features=0.5, GradientBoostingRegressor__min_samples_leaf=17, GradientBoostingRegressor__min_samples_split=7, GradientBoostingRegressor__n_estimators=100, GradientBoostingRegressor__subsample=0.9000000000000001)
INFO:root:Metrics: -1.9351458156800707
INFO:root:Generation 55
INFO:root:Best Pipeline: DecisionTreeRegressor(input_matrix, DecisionTreeRegressor__max_depth=6, DecisionTreeRegressor__min_samples_leaf=20, DecisionTreeRegressor__min_samples_split=6)
INFO:root:Metrics: -30.613047020519424
INFO:root:Generation 56
INFO:root:Best Pipeline: ElasticNetCV(StandardScaler(input_matrix), ElasticNetCV__l1_ratio=0.7000000000000001, ElasticNetCV__tol=1e-05)
INFO:root:Metrics: -59.3328351608903
INFO:root:Generation 57
INFO:root:Best Pipeline: AdaBoostRegressor(input_matrix, AdaBoostRegressor__learning_rate=0.001, AdaBoostRegressor__loss=square, AdaBoostRegressor__n_estimators=100)
INFO:root:Metrics: -49.71170803029319
INFO:root:Generation 58
INFO:root:Best Pipeline: RandomForestRegressor(RidgeCV(input_matrix), RandomForestRegressor__bootstrap=True, RandomForestRegressor__max_features=0.7500000000000001, RandomForestRegressor__min_samples_leaf=11, RandomForestRegressor__min_samples_split=9, RandomForestRegressor__n_estimators=100)
INFO:root:Metrics: -2.292490851539855
INFO:root:Generation 59
INFO:root:Best Pipeline: RandomForestRegressor(input_matrix, RandomForestRegressor__bootstrap=True, RandomForestRegressor__max_features=0.55, RandomForestRegressor__min_samples_leaf=2, RandomForestRegressor__min_samples_split=5, RandomForestRegressor__n_estimators=100)
INFO:root:Metrics: -0.9674113357851848
INFO:root:Generation 60
INFO:root:Best Pipeline: RandomForestRegressor(input_matrix, RandomForestRegressor__bootstrap=False, RandomForestRegressor__max_features=0.35000000000000003, RandomForestRegressor__min_samples_leaf=19, RandomForestRegressor__min_samples_split=19, RandomForestRegressor__n_estimators=100)
INFO:root:Metrics: -4.082718532148556
INFO:root:Generation 61
INFO:root:Best Pipeline: GradientBoostingRegressor(input_matrix, GradientBoostingRegressor__alpha=0.85, GradientBoostingRegressor__learning_rate=0.01, GradientBoostingRegressor__loss=huber, GradientBoostingRegressor__max_depth=10, GradientBoostingRegressor__max_features=0.5, GradientBoostingRegressor__min_samples_leaf=17, GradientBoostingRegressor__min_samples_split=7, GradientBoostingRegressor__n_estimators=100, GradientBoostingRegressor__subsample=0.9000000000000001)
INFO:root:Metrics: -26.277752746460294
INFO:root:Generation 62
INFO:root:Best Pipeline: RandomForestRegressor(input_matrix, RandomForestRegressor__bootstrap=True, RandomForestRegressor__max_features=0.4, RandomForestRegressor__min_samples_leaf=11, RandomForestRegressor__min_samples_split=9, RandomForestRegressor__n_estimators=100)
INFO:root:Metrics: -3.9216531300757453
INFO:root:Generation 63
INFO:root:Best Pipeline: RandomForestRegressor(MinMaxScaler(input_matrix), RandomForestRegressor__bootstrap=True, RandomForestRegressor__max_features=0.7500000000000001, RandomForestRegressor__min_samples_leaf=11, RandomForestRegressor__min_samples_split=3, RandomForestRegressor__n_estimators=100)
INFO:root:Metrics: -2.097194224202542
INFO:root:Generation 64
INFO:root:Best Pipeline: RandomForestRegressor(input_matrix, RandomForestRegressor__bootstrap=True, RandomForestRegressor__max_features=1.0, RandomForestRegressor__min_samples_leaf=11, RandomForestRegressor__min_samples_split=19, RandomForestRegressor__n_estimators=100)
INFO:root:Metrics: -1.6558975847169168
INFO:root:Generation 65
INFO:root:Best Pipeline: RandomForestRegressor(input_matrix, RandomForestRegressor__bootstrap=True, RandomForestRegressor__max_features=1.0, RandomForestRegressor__min_samples_leaf=11, RandomForestRegressor__min_samples_split=12, RandomForestRegressor__n_estimators=100)
INFO:root:Metrics: -1.6558975847169168
INFO:root:Generation 66
INFO:root:Best Pipeline: GradientBoostingRegressor(input_matrix, GradientBoostingRegressor__alpha=0.95, GradientBoostingRegressor__learning_rate=0.5, GradientBoostingRegressor__loss=huber, GradientBoostingRegressor__max_depth=10, GradientBoostingRegressor__max_features=0.5, GradientBoostingRegressor__min_samples_leaf=17, GradientBoostingRegressor__min_samples_split=4, GradientBoostingRegressor__n_estimators=100, GradientBoostingRegressor__subsample=0.9000000000000001)
INFO:root:Metrics: -1.1497801659191227
INFO:root:Generation 67
INFO:root:Best Pipeline: GradientBoostingRegressor(input_matrix, GradientBoostingRegressor__alpha=0.85, GradientBoostingRegressor__learning_rate=0.1, GradientBoostingRegressor__loss=huber, GradientBoostingRegressor__max_depth=10, GradientBoostingRegressor__max_features=0.5, GradientBoostingRegressor__min_samples_leaf=17, GradientBoostingRegressor__min_samples_split=6, GradientBoostingRegressor__n_estimators=100, GradientBoostingRegressor__subsample=0.9000000000000001)
INFO:root:Metrics: -2.1250703387222734
INFO:root:Generation 68
INFO:root:Best Pipeline: ExtraTreesRegressor(input_matrix, ExtraTreesRegressor__bootstrap=True, ExtraTreesRegressor__max_features=0.25, ExtraTreesRegressor__min_samples_leaf=10, ExtraTreesRegressor__min_samples_split=5, ExtraTreesRegressor__n_estimators=100)
INFO:root:Metrics: -13.62713206970316
INFO:root:Generation 69
INFO:root:Best Pipeline: RandomForestRegressor(input_matrix, RandomForestRegressor__bootstrap=True, RandomForestRegressor__max_features=0.8500000000000001, RandomForestRegressor__min_samples_leaf=16, RandomForestRegressor__min_samples_split=14, RandomForestRegressor__n_estimators=100)
INFO:root:Metrics: -2.6664326818590225
INFO:root:Generation 70
INFO:root:Best Pipeline: RandomForestRegressor(input_matrix, RandomForestRegressor__bootstrap=False, RandomForestRegressor__max_features=0.7500000000000001, RandomForestRegressor__min_samples_leaf=19, RandomForestRegressor__min_samples_split=2, RandomForestRegressor__n_estimators=100)
INFO:root:Metrics: -2.3694467815130467
INFO:root:Generation 71
INFO:root:Best Pipeline: RandomForestRegressor(ElasticNetCV(ZeroCount(input_matrix), ElasticNetCV__l1_ratio=0.75, ElasticNetCV__tol=0.001), RandomForestRegressor__bootstrap=True, RandomForestRegressor__max_features=0.4, RandomForestRegressor__min_samples_leaf=16, RandomForestRegressor__min_samples_split=14, RandomForestRegressor__n_estimators=100)
INFO:root:Metrics: -5.09700846053238
INFO:root:Generation 72
INFO:root:Best Pipeline: RandomForestRegressor(input_matrix, RandomForestRegressor__bootstrap=True, RandomForestRegressor__max_features=0.4, RandomForestRegressor__min_samples_leaf=16, RandomForestRegressor__min_samples_split=9, RandomForestRegressor__n_estimators=100)
INFO:root:Metrics: -4.897038304251802
INFO:root:Generation 73
INFO:root:Best Pipeline: RandomForestRegressor(input_matrix, RandomForestRegressor__bootstrap=True, RandomForestRegressor__max_features=0.35000000000000003, RandomForestRegressor__min_samples_leaf=11, RandomForestRegressor__min_samples_split=19, RandomForestRegressor__n_estimators=100)
INFO:root:Metrics: -3.9216531300757453
INFO:root:Generation 74
INFO:root:Best Pipeline: RandomForestRegressor(input_matrix, RandomForestRegressor__bootstrap=True, RandomForestRegressor__max_features=0.7500000000000001, RandomForestRegressor__min_samples_leaf=11, RandomForestRegressor__min_samples_split=14, RandomForestRegressor__n_estimators=100)
INFO:root:Metrics: -2.139050616722917
INFO:root:Generation 75
INFO:root:Best Pipeline: GradientBoostingRegressor(RobustScaler(input_matrix), GradientBoostingRegressor__alpha=0.85, GradientBoostingRegressor__learning_rate=1.0, GradientBoostingRegressor__loss=huber, GradientBoostingRegressor__max_depth=10, GradientBoostingRegressor__max_features=0.5, GradientBoostingRegressor__min_samples_leaf=17, GradientBoostingRegressor__min_samples_split=6, GradientBoostingRegressor__n_estimators=100, GradientBoostingRegressor__subsample=0.9000000000000001)
INFO:root:Metrics: -1.7267274482786434
INFO:root:Generation 76
INFO:root:Best Pipeline: RandomForestRegressor(input_matrix, RandomForestRegressor__bootstrap=False, RandomForestRegressor__max_features=0.7500000000000001, RandomForestRegressor__min_samples_leaf=11, RandomForestRegressor__min_samples_split=19, RandomForestRegressor__n_estimators=100)
INFO:root:Metrics: -1.3836744688855902
INFO:root:Generation 77
INFO:root:Best Pipeline: GradientBoostingRegressor(RidgeCV(input_matrix), GradientBoostingRegressor__alpha=0.85, GradientBoostingRegressor__learning_rate=1.0, GradientBoostingRegressor__loss=huber, GradientBoostingRegressor__max_depth=10, GradientBoostingRegressor__max_features=0.5, GradientBoostingRegressor__min_samples_leaf=17, GradientBoostingRegressor__min_samples_split=7, GradientBoostingRegressor__n_estimators=100, GradientBoostingRegressor__subsample=0.9000000000000001)
INFO:root:Metrics: -2.5506795658360644
INFO:root:Generation 78
INFO:root:Best Pipeline: GradientBoostingRegressor(ZeroCount(input_matrix), GradientBoostingRegressor__alpha=0.95, GradientBoostingRegressor__learning_rate=0.5, GradientBoostingRegressor__loss=huber, GradientBoostingRegressor__max_depth=10, GradientBoostingRegressor__max_features=0.5, GradientBoostingRegressor__min_samples_leaf=17, GradientBoostingRegressor__min_samples_split=4, GradientBoostingRegressor__n_estimators=100, GradientBoostingRegressor__subsample=0.9000000000000001)
INFO:root:Metrics: -1.1576171466010163
INFO:root:Generation 79
INFO:root:Best Pipeline: GradientBoostingRegressor(input_matrix, GradientBoostingRegressor__alpha=0.95, GradientBoostingRegressor__learning_rate=0.001, GradientBoostingRegressor__loss=huber, GradientBoostingRegressor__max_depth=10, GradientBoostingRegressor__max_features=0.5, GradientBoostingRegressor__min_samples_leaf=17, GradientBoostingRegressor__min_samples_split=6, GradientBoostingRegressor__n_estimators=100, GradientBoostingRegressor__subsample=0.9000000000000001)
INFO:root:Metrics: -93.42858881508016
INFO:root:Generation 80
INFO:root:Best Pipeline: RandomForestRegressor(input_matrix, RandomForestRegressor__bootstrap=True, RandomForestRegressor__max_features=0.7500000000000001, RandomForestRegressor__min_samples_leaf=11, RandomForestRegressor__min_samples_split=12, RandomForestRegressor__n_estimators=100)
INFO:root:Metrics: -2.139050616722917
INFO:root:Generation 81
INFO:root:Best Pipeline: RandomForestRegressor(input_matrix, RandomForestRegressor__bootstrap=True, RandomForestRegressor__max_features=0.7500000000000001, RandomForestRegressor__min_samples_leaf=12, RandomForestRegressor__min_samples_split=9, RandomForestRegressor__n_estimators=100)
INFO:root:Metrics: -2.3286958053070337
INFO:root:Generation 82
INFO:root:Best Pipeline: RandomForestRegressor(input_matrix, RandomForestRegressor__bootstrap=False, RandomForestRegressor__max_features=1.0, RandomForestRegressor__min_samples_leaf=11, RandomForestRegressor__min_samples_split=17, RandomForestRegressor__n_estimators=100)
INFO:root:Metrics: -1.200615876751724
INFO:root:Generation 83
INFO:root:Best Pipeline: DecisionTreeRegressor(input_matrix, DecisionTreeRegressor__max_depth=7, DecisionTreeRegressor__min_samples_leaf=12, DecisionTreeRegressor__min_samples_split=15)
INFO:root:Metrics: -25.311264871797174
INFO:root:Generation 84
INFO:root:Best Pipeline: RandomForestRegressor(input_matrix, RandomForestRegressor__bootstrap=False, RandomForestRegressor__max_features=1.0, RandomForestRegressor__min_samples_leaf=11, RandomForestRegressor__min_samples_split=19, RandomForestRegressor__n_estimators=100)
INFO:root:Metrics: -1.200615876751724
INFO:root:Generation 85
INFO:root:Best Pipeline: GradientBoostingRegressor(input_matrix, GradientBoostingRegressor__alpha=0.85, GradientBoostingRegressor__learning_rate=0.001, GradientBoostingRegressor__loss=huber, GradientBoostingRegressor__max_depth=10, GradientBoostingRegressor__max_features=0.5, GradientBoostingRegressor__min_samples_leaf=17, GradientBoostingRegressor__min_samples_split=6, GradientBoostingRegressor__n_estimators=100, GradientBoostingRegressor__subsample=0.9000000000000001)
INFO:root:Metrics: -93.794443853606
INFO:root:Generation 86
INFO:root:Best Pipeline: XGBRegressor(input_matrix, XGBRegressor__learning_rate=0.1, XGBRegressor__max_depth=4, XGBRegressor__min_child_weight=3, XGBRegressor__n_estimators=100, XGBRegressor__n_jobs=1, XGBRegressor__objective=reg:squarederror, XGBRegressor__subsample=0.4, XGBRegressor__verbosity=0)
INFO:root:Metrics: -15.027865331849284
INFO:root:Generation 87
INFO:root:Best Pipeline: RandomForestRegressor(input_matrix, RandomForestRegressor__bootstrap=True, RandomForestRegressor__max_features=0.8500000000000001, RandomForestRegressor__min_samples_leaf=11, RandomForestRegressor__min_samples_split=19, RandomForestRegressor__n_estimators=100)
INFO:root:Metrics: -1.8783432849097743
INFO:root:Generation 88
INFO:root:Best Pipeline: GradientBoostingRegressor(input_matrix, GradientBoostingRegressor__alpha=0.95, GradientBoostingRegressor__learning_rate=0.01, GradientBoostingRegressor__loss=huber, GradientBoostingRegressor__max_depth=10, GradientBoostingRegressor__max_features=0.5, GradientBoostingRegressor__min_samples_leaf=17, GradientBoostingRegressor__min_samples_split=6, GradientBoostingRegressor__n_estimators=100, GradientBoostingRegressor__subsample=0.9000000000000001)
INFO:root:Metrics: -25.238535957456897
INFO:root:Generation 89
INFO:root:Best Pipeline: GradientBoostingRegressor(RobustScaler(input_matrix), GradientBoostingRegressor__alpha=0.95, GradientBoostingRegressor__learning_rate=0.5, GradientBoostingRegressor__loss=huber, GradientBoostingRegressor__max_depth=10, GradientBoostingRegressor__max_features=0.5, GradientBoostingRegressor__min_samples_leaf=17, GradientBoostingRegressor__min_samples_split=4, GradientBoostingRegressor__n_estimators=100, GradientBoostingRegressor__subsample=0.9000000000000001)
INFO:root:Metrics: -1.0893856069926824
INFO:root:Generation 90
INFO:root:Best Pipeline: RandomForestRegressor(input_matrix, RandomForestRegressor__bootstrap=True, RandomForestRegressor__max_features=0.4, RandomForestRegressor__min_samples_leaf=11, RandomForestRegressor__min_samples_split=10, RandomForestRegressor__n_estimators=100)
INFO:root:Metrics: -3.9216531300757453
INFO:root:Generation 91
INFO:root:Best Pipeline: GradientBoostingRegressor(input_matrix, GradientBoostingRegressor__alpha=0.8, GradientBoostingRegressor__learning_rate=0.01, GradientBoostingRegressor__loss=quantile, GradientBoostingRegressor__max_depth=7, GradientBoostingRegressor__max_features=0.3, GradientBoostingRegressor__min_samples_leaf=19, GradientBoostingRegressor__min_samples_split=6, GradientBoostingRegressor__n_estimators=100, GradientBoostingRegressor__subsample=0.3)
INFO:root:Metrics: -59.14962366590603
INFO:root:Generation 92
INFO:root:Best Pipeline: GradientBoostingRegressor(StandardScaler(input_matrix), GradientBoostingRegressor__alpha=0.85, GradientBoostingRegressor__learning_rate=0.1, GradientBoostingRegressor__loss=huber, GradientBoostingRegressor__max_depth=10, GradientBoostingRegressor__max_features=0.5, GradientBoostingRegressor__min_samples_leaf=17, GradientBoostingRegressor__min_samples_split=6, GradientBoostingRegressor__n_estimators=100, GradientBoostingRegressor__subsample=0.9000000000000001)
INFO:root:Metrics: -2.058262692234576
INFO:root:Generation 93
INFO:root:Best Pipeline: GradientBoostingRegressor(input_matrix, GradientBoostingRegressor__alpha=0.95, GradientBoostingRegressor__learning_rate=0.5, GradientBoostingRegressor__loss=huber, GradientBoostingRegressor__max_depth=10, GradientBoostingRegressor__max_features=0.5, GradientBoostingRegressor__min_samples_leaf=17, GradientBoostingRegressor__min_samples_split=4, GradientBoostingRegressor__n_estimators=100, GradientBoostingRegressor__subsample=0.1)
INFO:root:Metrics: -4.9659691263128005
INFO:root:Generation 94
INFO:root:Best Pipeline: GradientBoostingRegressor(RobustScaler(input_matrix), GradientBoostingRegressor__alpha=0.85, GradientBoostingRegressor__learning_rate=1.0, GradientBoostingRegressor__loss=huber, GradientBoostingRegressor__max_depth=10, GradientBoostingRegressor__max_features=0.5, GradientBoostingRegressor__min_samples_leaf=4, GradientBoostingRegressor__min_samples_split=6, GradientBoostingRegressor__n_estimators=100, GradientBoostingRegressor__subsample=0.9000000000000001)
INFO:root:Metrics: -1.5785914405157748
INFO:root:Generation 95
INFO:root:Best Pipeline: RandomForestRegressor(input_matrix, RandomForestRegressor__bootstrap=True, RandomForestRegressor__max_features=0.8500000000000001, RandomForestRegressor__min_samples_leaf=15, RandomForestRegressor__min_samples_split=19, RandomForestRegressor__n_estimators=100)
INFO:root:Metrics: -2.539107993351462
INFO:root:Generation 96
INFO:root:Best Pipeline: GradientBoostingRegressor(RidgeCV(input_matrix), GradientBoostingRegressor__alpha=0.85, GradientBoostingRegressor__learning_rate=1.0, GradientBoostingRegressor__loss=huber, GradientBoostingRegressor__max_depth=10, GradientBoostingRegressor__max_features=0.5, GradientBoostingRegressor__min_samples_leaf=17, GradientBoostingRegressor__min_samples_split=6, GradientBoostingRegressor__n_estimators=100, GradientBoostingRegressor__subsample=0.9000000000000001)
INFO:root:Metrics: -2.5506795658360644
INFO:root:Generation 97
INFO:root:Best Pipeline: GradientBoostingRegressor(MinMaxScaler(input_matrix), GradientBoostingRegressor__alpha=0.95, GradientBoostingRegressor__learning_rate=0.5, GradientBoostingRegressor__loss=huber, GradientBoostingRegressor__max_depth=10, GradientBoostingRegressor__max_features=0.5, GradientBoostingRegressor__min_samples_leaf=17, GradientBoostingRegressor__min_samples_split=6, GradientBoostingRegressor__n_estimators=100, GradientBoostingRegressor__subsample=0.9000000000000001)
INFO:root:Metrics: -1.1342762173040755
INFO:root:Generation 98
INFO:root:Best Pipeline: RandomForestRegressor(input_matrix, RandomForestRegressor__bootstrap=True, RandomForestRegressor__max_features=0.55, RandomForestRegressor__min_samples_leaf=11, RandomForestRegressor__min_samples_split=17, RandomForestRegressor__n_estimators=100)
INFO:root:Metrics: -3.040392574082396
INFO:root:Generation 99
INFO:root:Best Pipeline: GradientBoostingRegressor(ZeroCount(input_matrix), GradientBoostingRegressor__alpha=0.95, GradientBoostingRegressor__learning_rate=0.5, GradientBoostingRegressor__loss=huber, GradientBoostingRegressor__max_depth=10, GradientBoostingRegressor__max_features=0.5, GradientBoostingRegressor__min_samples_leaf=17, GradientBoostingRegressor__min_samples_split=6, GradientBoostingRegressor__n_estimators=100, GradientBoostingRegressor__subsample=0.9000000000000001)
INFO:root:Metrics: -1.1576171466010163
INFO:root:Generation 100
INFO:root:Best Pipeline: GradientBoostingRegressor(input_matrix, GradientBoostingRegressor__alpha=0.95, GradientBoostingRegressor__learning_rate=0.5, GradientBoostingRegressor__loss=huber, GradientBoostingRegressor__max_depth=1, GradientBoostingRegressor__max_features=0.5, GradientBoostingRegressor__min_samples_leaf=17, GradientBoostingRegressor__min_samples_split=4, GradientBoostingRegressor__n_estimators=100, GradientBoostingRegressor__subsample=0.9000000000000001)
INFO:root:Metrics: -42.58806211415289
INFO:root:Generation 101
INFO:root:Best Pipeline: RandomForestRegressor(input_matrix, RandomForestRegressor__bootstrap=False, RandomForestRegressor__max_features=1.0, RandomForestRegressor__min_samples_leaf=6, RandomForestRegressor__min_samples_split=19, RandomForestRegressor__n_estimators=100)
INFO:root:Metrics: -0.9224030783048048
INFO:root:Generation 102
INFO:root:Best Pipeline: RandomForestRegressor(input_matrix, RandomForestRegressor__bootstrap=True, RandomForestRegressor__max_features=0.55, RandomForestRegressor__min_samples_leaf=8, RandomForestRegressor__min_samples_split=5, RandomForestRegressor__n_estimators=100)
INFO:root:Metrics: -2.436862417271244
INFO:root:Generation 103
INFO:root:Best Pipeline: GradientBoostingRegressor(input_matrix, GradientBoostingRegressor__alpha=0.85, GradientBoostingRegressor__learning_rate=1.0, GradientBoostingRegressor__loss=huber, GradientBoostingRegressor__max_depth=10, GradientBoostingRegressor__max_features=0.05, GradientBoostingRegressor__min_samples_leaf=17, GradientBoostingRegressor__min_samples_split=6, GradientBoostingRegressor__n_estimators=100, GradientBoostingRegressor__subsample=0.9000000000000001)
INFO:root:Metrics: -5.273935940121023
INFO:root:Generation 104
INFO:root:Best Pipeline: ElasticNetCV(input_matrix, ElasticNetCV__l1_ratio=0.2, ElasticNetCV__tol=0.01)
INFO:root:Metrics: -72.52843746075443
INFO:root:Generation 105
INFO:root:Best Pipeline: RandomForestRegressor(MaxAbsScaler(input_matrix), RandomForestRegressor__bootstrap=True, RandomForestRegressor__max_features=1.0, RandomForestRegressor__min_samples_leaf=11, RandomForestRegressor__min_samples_split=10, RandomForestRegressor__n_estimators=100)
INFO:root:Metrics: -1.6457998150599102
INFO:root:Generation 106
INFO:root:Best Pipeline: RandomForestRegressor(input_matrix, RandomForestRegressor__bootstrap=False, RandomForestRegressor__max_features=1.0, RandomForestRegressor__min_samples_leaf=3, RandomForestRegressor__min_samples_split=19, RandomForestRegressor__n_estimators=100)
INFO:root:Metrics: -0.9023382088158719
INFO:root:Generation 107
INFO:root:Best Pipeline: GradientBoostingRegressor(RobustScaler(input_matrix), GradientBoostingRegressor__alpha=0.95, GradientBoostingRegressor__learning_rate=0.5, GradientBoostingRegressor__loss=huber, GradientBoostingRegressor__max_depth=8, GradientBoostingRegressor__max_features=0.5, GradientBoostingRegressor__min_samples_leaf=17, GradientBoostingRegressor__min_samples_split=4, GradientBoostingRegressor__n_estimators=100, GradientBoostingRegressor__subsample=0.9000000000000001)
INFO:root:Metrics: -1.5615820742491628
INFO:root:Generation 108
INFO:root:Best Pipeline: RandomForestRegressor(input_matrix, RandomForestRegressor__bootstrap=True, RandomForestRegressor__max_features=1.0, RandomForestRegressor__min_samples_leaf=11, RandomForestRegressor__min_samples_split=17, RandomForestRegressor__n_estimators=100)
INFO:root:Metrics: -1.6558975847169168
INFO:root:Generation 109
INFO:root:Best Pipeline: GradientBoostingRegressor(input_matrix, GradientBoostingRegressor__alpha=0.85, GradientBoostingRegressor__learning_rate=1.0, GradientBoostingRegressor__loss=huber, GradientBoostingRegressor__max_depth=10, GradientBoostingRegressor__max_features=0.25, GradientBoostingRegressor__min_samples_leaf=17, GradientBoostingRegressor__min_samples_split=6, GradientBoostingRegressor__n_estimators=100, GradientBoostingRegressor__subsample=0.9000000000000001)
INFO:root:Metrics: -2.881869373116862
INFO:root:Generation 110
INFO:root:Best Pipeline: GradientBoostingRegressor(input_matrix, GradientBoostingRegressor__alpha=0.95, GradientBoostingRegressor__learning_rate=1.0, GradientBoostingRegressor__loss=huber, GradientBoostingRegressor__max_depth=10, GradientBoostingRegressor__max_features=0.5, GradientBoostingRegressor__min_samples_leaf=6, GradientBoostingRegressor__min_samples_split=6, GradientBoostingRegressor__n_estimators=100, GradientBoostingRegressor__subsample=0.9000000000000001)
INFO:root:Metrics: -1.4913546264025048
INFO:root:Generation 111
INFO:root:Best Pipeline: GradientBoostingRegressor(input_matrix, GradientBoostingRegressor__alpha=0.8, GradientBoostingRegressor__learning_rate=0.5, GradientBoostingRegressor__loss=huber, GradientBoostingRegressor__max_depth=10, GradientBoostingRegressor__max_features=0.5, GradientBoostingRegressor__min_samples_leaf=17, GradientBoostingRegressor__min_samples_split=6, GradientBoostingRegressor__n_estimators=100, GradientBoostingRegressor__subsample=0.9000000000000001)
INFO:root:Metrics: -1.3840293080971429
INFO:root:Generation 112
INFO:root:Best Pipeline: RandomForestRegressor(input_matrix, RandomForestRegressor__bootstrap=True, RandomForestRegressor__max_features=0.45, RandomForestRegressor__min_samples_leaf=11, RandomForestRegressor__min_samples_split=19, RandomForestRegressor__n_estimators=100)
INFO:root:Metrics: -3.040392574082396
INFO:root:Generation 113
INFO:root:Best Pipeline: RandomForestRegressor(input_matrix, RandomForestRegressor__bootstrap=True, RandomForestRegressor__max_features=1.0, RandomForestRegressor__min_samples_leaf=11, RandomForestRegressor__min_samples_split=15, RandomForestRegressor__n_estimators=100)
INFO:root:Metrics: -1.6558975847169168
