INFO:root:Generation 0
INFO:root:Best Pipeline: RandomForestRegressor(input_matrix, RandomForestRegressor__bootstrap=True, RandomForestRegressor__max_features=0.7500000000000001, RandomForestRegressor__min_samples_leaf=11, RandomForestRegressor__min_samples_split=9, RandomForestRegressor__n_estimators=100)
INFO:root:Metrics: -inf
INFO:root:Generation 1
INFO:root:Best Pipeline: RandomForestRegressor(ElasticNetCV(input_matrix, ElasticNetCV__l1_ratio=0.75, ElasticNetCV__tol=0.01), RandomForestRegressor__bootstrap=True, RandomForestRegressor__max_features=0.4, RandomForestRegressor__min_samples_leaf=16, RandomForestRegressor__min_samples_split=14, RandomForestRegressor__n_estimators=100)
INFO:root:Metrics: -inf
INFO:root:Generation 2
INFO:root:Best Pipeline: AdaBoostRegressor(input_matrix, AdaBoostRegressor__learning_rate=1.0, AdaBoostRegressor__loss=exponential, AdaBoostRegressor__n_estimators=100)
INFO:root:Metrics: -inf
INFO:root:Generation 3
INFO:root:Best Pipeline: RandomForestRegressor(input_matrix, RandomForestRegressor__bootstrap=True, RandomForestRegressor__max_features=0.05, RandomForestRegressor__min_samples_leaf=7, RandomForestRegressor__min_samples_split=13, RandomForestRegressor__n_estimators=100)
INFO:root:Metrics: -12.907923166936374
INFO:root:Generation 4
INFO:root:Best Pipeline: DecisionTreeRegressor(input_matrix, DecisionTreeRegressor__max_depth=6, DecisionTreeRegressor__min_samples_leaf=17, DecisionTreeRegressor__min_samples_split=5)
INFO:root:Metrics: -61.743634762355285
INFO:root:Generation 5
INFO:root:Best Pipeline: DecisionTreeRegressor(DecisionTreeRegressor(input_matrix, DecisionTreeRegressor__max_depth=10, DecisionTreeRegressor__min_samples_leaf=15, DecisionTreeRegressor__min_samples_split=12), DecisionTreeRegressor__max_depth=7, DecisionTreeRegressor__min_samples_leaf=3, DecisionTreeRegressor__min_samples_split=4)
INFO:root:Metrics: -34.002580523881804
INFO:root:Generation 6
INFO:root:Best Pipeline: ElasticNetCV(input_matrix, ElasticNetCV__l1_ratio=1.0, ElasticNetCV__tol=0.1)
INFO:root:Metrics: -75.04862891157958
INFO:root:Generation 7
INFO:root:Best Pipeline: ExtraTreesRegressor(Nystroem(input_matrix, Nystroem__gamma=0.2, Nystroem__kernel=poly, Nystroem__n_components=5), ExtraTreesRegressor__bootstrap=True, ExtraTreesRegressor__max_features=0.6500000000000001, ExtraTreesRegressor__min_samples_leaf=9, ExtraTreesRegressor__min_samples_split=11, ExtraTreesRegressor__n_estimators=100)
INFO:root:Metrics: -61.60272034141288
INFO:root:Generation 8
INFO:root:Best Pipeline: AdaBoostRegressor(input_matrix, AdaBoostRegressor__learning_rate=0.01, AdaBoostRegressor__loss=linear, AdaBoostRegressor__n_estimators=100)
INFO:root:Metrics: -inf
INFO:root:Generation 9
INFO:root:Best Pipeline: ElasticNetCV(GradientBoostingRegressor(input_matrix, GradientBoostingRegressor__alpha=0.9, GradientBoostingRegressor__learning_rate=0.01, GradientBoostingRegressor__loss=quantile, GradientBoostingRegressor__max_depth=10, GradientBoostingRegressor__max_features=0.7000000000000001, GradientBoostingRegressor__min_samples_leaf=9, GradientBoostingRegressor__min_samples_split=12, GradientBoostingRegressor__n_estimators=100, GradientBoostingRegressor__subsample=0.9000000000000001), ElasticNetCV__l1_ratio=0.5, ElasticNetCV__tol=1e-05)
INFO:root:Metrics: -inf
INFO:root:Generation 10
INFO:root:Best Pipeline: GradientBoostingRegressor(input_matrix, GradientBoostingRegressor__alpha=0.95, GradientBoostingRegressor__learning_rate=1.0, GradientBoostingRegressor__loss=huber, GradientBoostingRegressor__max_depth=10, GradientBoostingRegressor__max_features=0.5, GradientBoostingRegressor__min_samples_leaf=17, GradientBoostingRegressor__min_samples_split=6, GradientBoostingRegressor__n_estimators=100, GradientBoostingRegressor__subsample=0.9000000000000001)
INFO:root:Metrics: -inf
INFO:root:Generation 11
INFO:root:Best Pipeline: DecisionTreeRegressor(input_matrix, DecisionTreeRegressor__max_depth=4, DecisionTreeRegressor__min_samples_leaf=14, DecisionTreeRegressor__min_samples_split=6)
INFO:root:Metrics: -70.27388886443339
INFO:root:Generation 12
INFO:root:Best Pipeline: RidgeCV(input_matrix)
INFO:root:Metrics: -76.78946721113327
INFO:root:Generation 13
INFO:root:Best Pipeline: DecisionTreeRegressor(FastICA(input_matrix, FastICA__tol=0.45), DecisionTreeRegressor__max_depth=3, DecisionTreeRegressor__min_samples_leaf=8, DecisionTreeRegressor__min_samples_split=11)
INFO:root:Metrics: -72.46560069404522
INFO:root:Generation 14
INFO:root:Best Pipeline: RandomForestRegressor(input_matrix, RandomForestRegressor__bootstrap=True, RandomForestRegressor__max_features=0.55, RandomForestRegressor__min_samples_leaf=2, RandomForestRegressor__min_samples_split=17, RandomForestRegressor__n_estimators=100)
INFO:root:Metrics: -inf
INFO:root:Generation 15
INFO:root:Best Pipeline: AdaBoostRegressor(AdaBoostRegressor(input_matrix, AdaBoostRegressor__learning_rate=0.1, AdaBoostRegressor__loss=linear, AdaBoostRegressor__n_estimators=100), AdaBoostRegressor__learning_rate=0.01, AdaBoostRegressor__loss=linear, AdaBoostRegressor__n_estimators=100)
INFO:root:Metrics: -inf
INFO:root:Generation 16
INFO:root:Best Pipeline: RidgeCV(ElasticNetCV(input_matrix, ElasticNetCV__l1_ratio=0.75, ElasticNetCV__tol=0.001))
INFO:root:Metrics: -74.44510973557024
INFO:root:Generation 17
INFO:root:Best Pipeline: LinearSVR(input_matrix, LinearSVR__C=0.0001, LinearSVR__dual=False, LinearSVR__epsilon=0.001, LinearSVR__loss=squared_epsilon_insensitive, LinearSVR__tol=0.0001)
INFO:root:Metrics: -90.44757200407636
INFO:root:Generation 18
INFO:root:Best Pipeline: AdaBoostRegressor(input_matrix, AdaBoostRegressor__learning_rate=0.1, AdaBoostRegressor__loss=linear, AdaBoostRegressor__n_estimators=100)
INFO:root:Metrics: -inf
INFO:root:Generation 19
INFO:root:Best Pipeline: RidgeCV(ZeroCount(ElasticNetCV(input_matrix, ElasticNetCV__l1_ratio=0.75, ElasticNetCV__tol=0.001)))
INFO:root:Metrics: -74.36919664773514
INFO:root:Generation 20
INFO:root:Best Pipeline: DecisionTreeRegressor(input_matrix, DecisionTreeRegressor__max_depth=4, DecisionTreeRegressor__min_samples_leaf=17, DecisionTreeRegressor__min_samples_split=6)
INFO:root:Metrics: -70.27388886443339
INFO:root:Generation 21
INFO:root:Best Pipeline: GradientBoostingRegressor(input_matrix, GradientBoostingRegressor__alpha=0.85, GradientBoostingRegressor__learning_rate=1.0, GradientBoostingRegressor__loss=huber, GradientBoostingRegressor__max_depth=10, GradientBoostingRegressor__max_features=0.5, GradientBoostingRegressor__min_samples_leaf=17, GradientBoostingRegressor__min_samples_split=6, GradientBoostingRegressor__n_estimators=100, GradientBoostingRegressor__subsample=0.9000000000000001)
INFO:root:Metrics: -inf
INFO:root:Generation 22
INFO:root:Best Pipeline: DecisionTreeRegressor(RobustScaler(input_matrix), DecisionTreeRegressor__max_depth=4, DecisionTreeRegressor__min_samples_leaf=14, DecisionTreeRegressor__min_samples_split=6)
INFO:root:Metrics: -69.96698887035521
INFO:root:Generation 23
INFO:root:Best Pipeline: DecisionTreeRegressor(input_matrix, DecisionTreeRegressor__max_depth=6, DecisionTreeRegressor__min_samples_leaf=20, DecisionTreeRegressor__min_samples_split=5)
INFO:root:Metrics: -61.743634762355285
INFO:root:Generation 24
INFO:root:Best Pipeline: RandomForestRegressor(input_matrix, RandomForestRegressor__bootstrap=False, RandomForestRegressor__max_features=0.35000000000000003, RandomForestRegressor__min_samples_leaf=19, RandomForestRegressor__min_samples_split=2, RandomForestRegressor__n_estimators=100)
INFO:root:Metrics: -inf
INFO:root:Generation 25
INFO:root:Best Pipeline: GradientBoostingRegressor(input_matrix, GradientBoostingRegressor__alpha=0.75, GradientBoostingRegressor__learning_rate=0.01, GradientBoostingRegressor__loss=huber, GradientBoostingRegressor__max_depth=2, GradientBoostingRegressor__max_features=0.7500000000000001, GradientBoostingRegressor__min_samples_leaf=19, GradientBoostingRegressor__min_samples_split=5, GradientBoostingRegressor__n_estimators=100, GradientBoostingRegressor__subsample=0.2)
INFO:root:Metrics: -82.87269638090973
INFO:root:Generation 26
INFO:root:Best Pipeline: RandomForestRegressor(input_matrix, RandomForestRegressor__bootstrap=False, RandomForestRegressor__max_features=1.0, RandomForestRegressor__min_samples_leaf=11, RandomForestRegressor__min_samples_split=10, RandomForestRegressor__n_estimators=100)
INFO:root:Metrics: -inf
INFO:root:Generation 27
INFO:root:Best Pipeline: AdaBoostRegressor(input_matrix, AdaBoostRegressor__learning_rate=0.01, AdaBoostRegressor__loss=square, AdaBoostRegressor__n_estimators=100)
INFO:root:Metrics: -inf
INFO:root:Generation 28
INFO:root:Best Pipeline: ElasticNetCV(input_matrix, ElasticNetCV__l1_ratio=0.5, ElasticNetCV__tol=0.1)
INFO:root:Metrics: -75.07020523010667
INFO:root:Generation 29
INFO:root:Best Pipeline: KNeighborsRegressor(input_matrix, KNeighborsRegressor__n_neighbors=9, KNeighborsRegressor__p=2, KNeighborsRegressor__weights=uniform)
INFO:root:Metrics: -17.482772748504782
INFO:root:Generation 30
INFO:root:Best Pipeline: ElasticNetCV(input_matrix, ElasticNetCV__l1_ratio=0.45, ElasticNetCV__tol=0.01)
INFO:root:Metrics: -75.07533777027832
INFO:root:Generation 31
INFO:root:Best Pipeline: RandomForestRegressor(input_matrix, RandomForestRegressor__bootstrap=True, RandomForestRegressor__max_features=0.4, RandomForestRegressor__min_samples_leaf=16, RandomForestRegressor__min_samples_split=14, RandomForestRegressor__n_estimators=100)
INFO:root:Metrics: -inf
INFO:root:Generation 32
INFO:root:Best Pipeline: ElasticNetCV(input_matrix, ElasticNetCV__l1_ratio=0.5, ElasticNetCV__tol=1e-05)
INFO:root:Metrics: -75.07020285814818
INFO:root:Generation 33
INFO:root:Best Pipeline: DecisionTreeRegressor(input_matrix, DecisionTreeRegressor__max_depth=10, DecisionTreeRegressor__min_samples_leaf=17, DecisionTreeRegressor__min_samples_split=5)
INFO:root:Metrics: -38.42617386383715
INFO:root:Generation 34
INFO:root:Best Pipeline: AdaBoostRegressor(input_matrix, AdaBoostRegressor__learning_rate=0.001, AdaBoostRegressor__loss=exponential, AdaBoostRegressor__n_estimators=100)
INFO:root:Metrics: -inf
INFO:root:Generation 35
INFO:root:Best Pipeline: LinearSVR(input_matrix, LinearSVR__C=0.0001, LinearSVR__dual=False, LinearSVR__epsilon=1.0, LinearSVR__loss=squared_epsilon_insensitive, LinearSVR__tol=0.0001)
INFO:root:Metrics: -90.4901544271489
INFO:root:Generation 36
INFO:root:Best Pipeline: LinearSVR(RobustScaler(input_matrix), LinearSVR__C=0.0001, LinearSVR__dual=False, LinearSVR__epsilon=0.1, LinearSVR__loss=squared_epsilon_insensitive, LinearSVR__tol=0.0001)
INFO:root:Metrics: -74.63645602813438
INFO:root:Generation 37
INFO:root:Best Pipeline: XGBRegressor(DecisionTreeRegressor(input_matrix, DecisionTreeRegressor__max_depth=10, DecisionTreeRegressor__min_samples_leaf=15, DecisionTreeRegressor__min_samples_split=12), XGBRegressor__learning_rate=1.0, XGBRegressor__max_depth=7, XGBRegressor__min_child_weight=6, XGBRegressor__n_estimators=100, XGBRegressor__n_jobs=1, XGBRegressor__objective=reg:squarederror, XGBRegressor__subsample=0.6000000000000001, XGBRegressor__verbosity=0)
INFO:root:Metrics: -6.53437439499946
INFO:root:Generation 38
INFO:root:Best Pipeline: DecisionTreeRegressor(input_matrix, DecisionTreeRegressor__max_depth=7, DecisionTreeRegressor__min_samples_leaf=3, DecisionTreeRegressor__min_samples_split=4)
INFO:root:Metrics: -56.46910287818323
INFO:root:Generation 39
INFO:root:Best Pipeline: DecisionTreeRegressor(ExtraTreesRegressor(input_matrix, ExtraTreesRegressor__bootstrap=False, ExtraTreesRegressor__max_features=0.8, ExtraTreesRegressor__min_samples_leaf=10, ExtraTreesRegressor__min_samples_split=13, ExtraTreesRegressor__n_estimators=100), DecisionTreeRegressor__max_depth=3, DecisionTreeRegressor__min_samples_leaf=8, DecisionTreeRegressor__min_samples_split=11)
INFO:root:Metrics: -inf
INFO:root:Generation 40
INFO:root:Best Pipeline: DecisionTreeRegressor(MinMaxScaler(input_matrix), DecisionTreeRegressor__max_depth=10, DecisionTreeRegressor__min_samples_leaf=17, DecisionTreeRegressor__min_samples_split=5)
INFO:root:Metrics: -39.64619513114413
INFO:root:Generation 41
INFO:root:Best Pipeline: ElasticNetCV(RobustScaler(input_matrix), ElasticNetCV__l1_ratio=1.0, ElasticNetCV__tol=0.1)
INFO:root:Metrics: -74.37318629678882
INFO:root:Generation 42
INFO:root:Best Pipeline: ElasticNetCV(input_matrix, ElasticNetCV__l1_ratio=0.05, ElasticNetCV__tol=0.001)
INFO:root:Metrics: -75.749788084148
INFO:root:Generation 43
INFO:root:Best Pipeline: ExtraTreesRegressor(input_matrix, ExtraTreesRegressor__bootstrap=False, ExtraTreesRegressor__max_features=0.45, ExtraTreesRegressor__min_samples_leaf=19, ExtraTreesRegressor__min_samples_split=6, ExtraTreesRegressor__n_estimators=100)
INFO:root:Metrics: -10.53777220635084
INFO:root:Generation 44
INFO:root:Best Pipeline: ElasticNetCV(input_matrix, ElasticNetCV__l1_ratio=0.5, ElasticNetCV__tol=0.0001)
INFO:root:Metrics: -75.07020285814818
INFO:root:Generation 45
INFO:root:Best Pipeline: DecisionTreeRegressor(input_matrix, DecisionTreeRegressor__max_depth=10, DecisionTreeRegressor__min_samples_leaf=5, DecisionTreeRegressor__min_samples_split=17)
INFO:root:Metrics: -38.40113683280921
INFO:root:Generation 46
INFO:root:Best Pipeline: ElasticNetCV(ZeroCount(input_matrix), ElasticNetCV__l1_ratio=1.0, ElasticNetCV__tol=0.1)
INFO:root:Metrics: -75.04862891157958
INFO:root:Generation 47
INFO:root:Best Pipeline: ExtraTreesRegressor(input_matrix, ExtraTreesRegressor__bootstrap=False, ExtraTreesRegressor__max_features=0.7500000000000001, ExtraTreesRegressor__min_samples_leaf=17, ExtraTreesRegressor__min_samples_split=4, ExtraTreesRegressor__n_estimators=100)
INFO:root:Metrics: -inf
INFO:root:Generation 48
INFO:root:Best Pipeline: DecisionTreeRegressor(RobustScaler(input_matrix), DecisionTreeRegressor__max_depth=6, DecisionTreeRegressor__min_samples_leaf=17, DecisionTreeRegressor__min_samples_split=5)
INFO:root:Metrics: -61.57384422104947
INFO:root:Generation 49
INFO:root:Best Pipeline: DecisionTreeRegressor(input_matrix, DecisionTreeRegressor__max_depth=6, DecisionTreeRegressor__min_samples_leaf=13, DecisionTreeRegressor__min_samples_split=5)
INFO:root:Metrics: -61.743634762355285
INFO:root:Generation 50
INFO:root:Best Pipeline: LinearSVR(input_matrix, LinearSVR__C=0.001, LinearSVR__dual=False, LinearSVR__epsilon=0.0001, LinearSVR__loss=squared_epsilon_insensitive, LinearSVR__tol=0.1)
INFO:root:Metrics: -90.44757195125983
INFO:root:Generation 51
INFO:root:Best Pipeline: DecisionTreeRegressor(input_matrix, DecisionTreeRegressor__max_depth=6, DecisionTreeRegressor__min_samples_leaf=16, DecisionTreeRegressor__min_samples_split=4)
INFO:root:Metrics: -61.743634762355285
INFO:root:Generation 52
INFO:root:Best Pipeline: DecisionTreeRegressor(FastICA(input_matrix, FastICA__tol=0.45), DecisionTreeRegressor__max_depth=1, DecisionTreeRegressor__min_samples_leaf=8, DecisionTreeRegressor__min_samples_split=11)
INFO:root:Metrics: -79.05911548992518
INFO:root:Generation 53
INFO:root:Best Pipeline: DecisionTreeRegressor(MaxAbsScaler(input_matrix), DecisionTreeRegressor__max_depth=4, DecisionTreeRegressor__min_samples_leaf=17, DecisionTreeRegressor__min_samples_split=6)
INFO:root:Metrics: -71.0174096435067
INFO:root:Generation 54
INFO:root:Best Pipeline: LinearSVR(input_matrix, LinearSVR__C=0.0001, LinearSVR__dual=True, LinearSVR__epsilon=0.0001, LinearSVR__loss=squared_epsilon_insensitive, LinearSVR__tol=1e-05)
INFO:root:Metrics: -inf
INFO:root:Generation 55
INFO:root:Best Pipeline: ExtraTreesRegressor(input_matrix, ExtraTreesRegressor__bootstrap=False, ExtraTreesRegressor__max_features=0.45, ExtraTreesRegressor__min_samples_leaf=6, ExtraTreesRegressor__min_samples_split=6, ExtraTreesRegressor__n_estimators=100)
INFO:root:Metrics: -5.694174903459743
INFO:root:Generation 56
INFO:root:Best Pipeline: XGBRegressor(input_matrix, XGBRegressor__learning_rate=0.5, XGBRegressor__max_depth=9, XGBRegressor__min_child_weight=12, XGBRegressor__n_estimators=100, XGBRegressor__n_jobs=1, XGBRegressor__objective=reg:squarederror, XGBRegressor__subsample=0.15000000000000002, XGBRegressor__verbosity=0)
INFO:root:Metrics: -8.311522857043771
INFO:root:Generation 57
INFO:root:Best Pipeline: DecisionTreeRegressor(RobustScaler(input_matrix), DecisionTreeRegressor__max_depth=6, DecisionTreeRegressor__min_samples_leaf=16, DecisionTreeRegressor__min_samples_split=5)
INFO:root:Metrics: -61.57384422104947
INFO:root:Generation 58
INFO:root:Best Pipeline: ExtraTreesRegressor(Nystroem(input_matrix, Nystroem__gamma=0.2, Nystroem__kernel=poly, Nystroem__n_components=9), ExtraTreesRegressor__bootstrap=True, ExtraTreesRegressor__max_features=0.6500000000000001, ExtraTreesRegressor__min_samples_leaf=9, ExtraTreesRegressor__min_samples_split=11, ExtraTreesRegressor__n_estimators=100)
INFO:root:Metrics: -inf
INFO:root:Generation 59
INFO:root:Best Pipeline: DecisionTreeRegressor(RobustScaler(DecisionTreeRegressor(input_matrix, DecisionTreeRegressor__max_depth=10, DecisionTreeRegressor__min_samples_leaf=15, DecisionTreeRegressor__min_samples_split=12)), DecisionTreeRegressor__max_depth=7, DecisionTreeRegressor__min_samples_leaf=3, DecisionTreeRegressor__min_samples_split=4)
INFO:root:Metrics: -34.015875484733
INFO:root:Generation 60
INFO:root:Best Pipeline: DecisionTreeRegressor(input_matrix, DecisionTreeRegressor__max_depth=4, DecisionTreeRegressor__min_samples_leaf=16, DecisionTreeRegressor__min_samples_split=4)
INFO:root:Metrics: -70.27388886443339
INFO:root:Generation 61
INFO:root:Best Pipeline: DecisionTreeRegressor(MinMaxScaler(input_matrix), DecisionTreeRegressor__max_depth=1, DecisionTreeRegressor__min_samples_leaf=17, DecisionTreeRegressor__min_samples_split=5)
INFO:root:Metrics: -79.0763093560121
INFO:root:Generation 62
INFO:root:Best Pipeline: RandomForestRegressor(input_matrix, RandomForestRegressor__bootstrap=True, RandomForestRegressor__max_features=0.25, RandomForestRegressor__min_samples_leaf=17, RandomForestRegressor__min_samples_split=6, RandomForestRegressor__n_estimators=100)
INFO:root:Metrics: -10.48374399592269
INFO:root:Generation 63
INFO:root:Best Pipeline: DecisionTreeRegressor(input_matrix, DecisionTreeRegressor__max_depth=8, DecisionTreeRegressor__min_samples_leaf=18, DecisionTreeRegressor__min_samples_split=6)
INFO:root:Metrics: -50.83647294172099
INFO:root:Generation 64
INFO:root:Best Pipeline: RidgeCV(RobustScaler(input_matrix))
INFO:root:Metrics: -74.37059335687975
INFO:root:Generation 65
INFO:root:Best Pipeline: DecisionTreeRegressor(MinMaxScaler(RobustScaler(input_matrix)), DecisionTreeRegressor__max_depth=4, DecisionTreeRegressor__min_samples_leaf=14, DecisionTreeRegressor__min_samples_split=6)
INFO:root:Metrics: -69.96698887035521
INFO:root:Generation 66
INFO:root:Best Pipeline: DecisionTreeRegressor(input_matrix, DecisionTreeRegressor__max_depth=4, DecisionTreeRegressor__min_samples_leaf=14, DecisionTreeRegressor__min_samples_split=5)
INFO:root:Metrics: -70.27388886443339
INFO:root:Generation 67
INFO:root:Best Pipeline: DecisionTreeRegressor(RobustScaler(input_matrix), DecisionTreeRegressor__max_depth=6, DecisionTreeRegressor__min_samples_leaf=20, DecisionTreeRegressor__min_samples_split=5)
INFO:root:Metrics: -61.57384422104947
INFO:root:Generation 68
INFO:root:Best Pipeline: ExtraTreesRegressor(input_matrix, ExtraTreesRegressor__bootstrap=False, ExtraTreesRegressor__max_features=0.45, ExtraTreesRegressor__min_samples_leaf=2, ExtraTreesRegressor__min_samples_split=6, ExtraTreesRegressor__n_estimators=100)
INFO:root:Metrics: -inf
INFO:root:Generation 69
INFO:root:Best Pipeline: DecisionTreeRegressor(input_matrix, DecisionTreeRegressor__max_depth=6, DecisionTreeRegressor__min_samples_leaf=17, DecisionTreeRegressor__min_samples_split=7)
INFO:root:Metrics: -61.743634762355285
INFO:root:Generation 70
INFO:root:Best Pipeline: ElasticNetCV(RidgeCV(input_matrix), ElasticNetCV__l1_ratio=1.0, ElasticNetCV__tol=0.1)
INFO:root:Metrics: -75.04862738470852
INFO:root:Generation 71
INFO:root:Best Pipeline: DecisionTreeRegressor(input_matrix, DecisionTreeRegressor__max_depth=8, DecisionTreeRegressor__min_samples_leaf=3, DecisionTreeRegressor__min_samples_split=4)
INFO:root:Metrics: -50.83359769968958
INFO:root:Generation 72
INFO:root:Best Pipeline: DecisionTreeRegressor(input_matrix, DecisionTreeRegressor__max_depth=6, DecisionTreeRegressor__min_samples_leaf=5, DecisionTreeRegressor__min_samples_split=5)
INFO:root:Metrics: -61.743634762355285
INFO:root:Generation 73
INFO:root:Best Pipeline: DecisionTreeRegressor(input_matrix, DecisionTreeRegressor__max_depth=6, DecisionTreeRegressor__min_samples_leaf=17, DecisionTreeRegressor__min_samples_split=4)
INFO:root:Metrics: -61.743634762355285
INFO:root:Generation 74
INFO:root:Best Pipeline: DecisionTreeRegressor(MaxAbsScaler(input_matrix), DecisionTreeRegressor__max_depth=4, DecisionTreeRegressor__min_samples_leaf=14, DecisionTreeRegressor__min_samples_split=6)
INFO:root:Metrics: -71.0174096435067
INFO:root:Generation 75
INFO:root:Best Pipeline: DecisionTreeRegressor(input_matrix, DecisionTreeRegressor__max_depth=6, DecisionTreeRegressor__min_samples_leaf=17, DecisionTreeRegressor__min_samples_split=13)
INFO:root:Metrics: -61.743634762355285
INFO:root:Generation 76
INFO:root:Best Pipeline: KNeighborsRegressor(MinMaxScaler(input_matrix), KNeighborsRegressor__n_neighbors=9, KNeighborsRegressor__p=2, KNeighborsRegressor__weights=uniform)
INFO:root:Metrics: -33.59371364652875
INFO:root:Generation 77
INFO:root:Best Pipeline: DecisionTreeRegressor(input_matrix, DecisionTreeRegressor__max_depth=7, DecisionTreeRegressor__min_samples_leaf=3, DecisionTreeRegressor__min_samples_split=20)
INFO:root:Metrics: -56.46910287818323
INFO:root:Generation 78
INFO:root:Best Pipeline: DecisionTreeRegressor(input_matrix, DecisionTreeRegressor__max_depth=7, DecisionTreeRegressor__min_samples_leaf=2, DecisionTreeRegressor__min_samples_split=4)
INFO:root:Metrics: -56.46910287818323
INFO:root:Generation 79
INFO:root:Best Pipeline: DecisionTreeRegressor(input_matrix, DecisionTreeRegressor__max_depth=10, DecisionTreeRegressor__min_samples_leaf=17, DecisionTreeRegressor__min_samples_split=4)
INFO:root:Metrics: -38.42617386383715
INFO:root:Generation 80
INFO:root:Best Pipeline: DecisionTreeRegressor(RobustScaler(DecisionTreeRegressor(input_matrix, DecisionTreeRegressor__max_depth=10, DecisionTreeRegressor__min_samples_leaf=15, DecisionTreeRegressor__min_samples_split=3)), DecisionTreeRegressor__max_depth=7, DecisionTreeRegressor__min_samples_leaf=3, DecisionTreeRegressor__min_samples_split=4)
INFO:root:Metrics: -34.015875484733
INFO:root:Generation 81
INFO:root:Best Pipeline: DecisionTreeRegressor(input_matrix, DecisionTreeRegressor__max_depth=10, DecisionTreeRegressor__min_samples_leaf=9, DecisionTreeRegressor__min_samples_split=5)
INFO:root:Metrics: -38.40214408230919
INFO:root:Generation 82
INFO:root:Best Pipeline: XGBRegressor(DecisionTreeRegressor(input_matrix, DecisionTreeRegressor__max_depth=10, DecisionTreeRegressor__min_samples_leaf=15, DecisionTreeRegressor__min_samples_split=4), XGBRegressor__learning_rate=1.0, XGBRegressor__max_depth=7, XGBRegressor__min_child_weight=6, XGBRegressor__n_estimators=100, XGBRegressor__n_jobs=1, XGBRegressor__objective=reg:squarederror, XGBRegressor__subsample=0.6000000000000001, XGBRegressor__verbosity=0)
INFO:root:Metrics: -6.53437439499946
INFO:root:Generation 83
INFO:root:Best Pipeline: XGBRegressor(input_matrix, XGBRegressor__learning_rate=0.5, XGBRegressor__max_depth=9, XGBRegressor__min_child_weight=12, XGBRegressor__n_estimators=100, XGBRegressor__n_jobs=1, XGBRegressor__objective=reg:squarederror, XGBRegressor__subsample=0.4, XGBRegressor__verbosity=0)
INFO:root:Metrics: -4.896194584829828
INFO:root:Generation 84
INFO:root:Best Pipeline: DecisionTreeRegressor(StandardScaler(input_matrix), DecisionTreeRegressor__max_depth=8, DecisionTreeRegressor__min_samples_leaf=3, DecisionTreeRegressor__min_samples_split=4)
INFO:root:Metrics: -51.009238271400406
INFO:root:Generation 85
INFO:root:Best Pipeline: DecisionTreeRegressor(input_matrix, DecisionTreeRegressor__max_depth=5, DecisionTreeRegressor__min_samples_leaf=17, DecisionTreeRegressor__min_samples_split=5)
INFO:root:Metrics: -66.60617512505875
INFO:root:Generation 86
INFO:root:Best Pipeline: DecisionTreeRegressor(RidgeCV(input_matrix), DecisionTreeRegressor__max_depth=7, DecisionTreeRegressor__min_samples_leaf=3, DecisionTreeRegressor__min_samples_split=4)
INFO:root:Metrics: -57.413298780605295
INFO:root:Generation 87
INFO:root:Best Pipeline: DecisionTreeRegressor(MinMaxScaler(input_matrix), DecisionTreeRegressor__max_depth=7, DecisionTreeRegressor__min_samples_leaf=3, DecisionTreeRegressor__min_samples_split=4)
INFO:root:Metrics: -56.55423817498346
INFO:root:Generation 88
INFO:root:Best Pipeline: KNeighborsRegressor(input_matrix, KNeighborsRegressor__n_neighbors=9, KNeighborsRegressor__p=2, KNeighborsRegressor__weights=distance)
INFO:root:Metrics: -14.703387413670253
INFO:root:Generation 89
INFO:root:Best Pipeline: ExtraTreesRegressor(input_matrix, ExtraTreesRegressor__bootstrap=False, ExtraTreesRegressor__max_features=0.45, ExtraTreesRegressor__min_samples_leaf=6, ExtraTreesRegressor__min_samples_split=3, ExtraTreesRegressor__n_estimators=100)
INFO:root:Metrics: -inf
INFO:root:Generation 90
INFO:root:Best Pipeline: DecisionTreeRegressor(input_matrix, DecisionTreeRegressor__max_depth=1, DecisionTreeRegressor__min_samples_leaf=17, DecisionTreeRegressor__min_samples_split=5)
INFO:root:Metrics: -79.0763093560121
INFO:root:Generation 91
INFO:root:Best Pipeline: DecisionTreeRegressor(ZeroCount(input_matrix), DecisionTreeRegressor__max_depth=8, DecisionTreeRegressor__min_samples_leaf=3, DecisionTreeRegressor__min_samples_split=4)
INFO:root:Metrics: -50.83359769968958
INFO:root:Generation 92
INFO:root:Best Pipeline: DecisionTreeRegressor(ZeroCount(input_matrix), DecisionTreeRegressor__max_depth=7, DecisionTreeRegressor__min_samples_leaf=3, DecisionTreeRegressor__min_samples_split=4)
INFO:root:Metrics: -56.46910287818323
INFO:root:Generation 93
INFO:root:Best Pipeline: DecisionTreeRegressor(RobustScaler(input_matrix), DecisionTreeRegressor__max_depth=1, DecisionTreeRegressor__min_samples_leaf=20, DecisionTreeRegressor__min_samples_split=5)
INFO:root:Metrics: -79.0763093560121
INFO:root:Generation 94
INFO:root:Best Pipeline: DecisionTreeRegressor(MinMaxScaler(input_matrix), DecisionTreeRegressor__max_depth=6, DecisionTreeRegressor__min_samples_leaf=17, DecisionTreeRegressor__min_samples_split=5)
INFO:root:Metrics: -61.57384422104947
INFO:root:Generation 95
INFO:root:Best Pipeline: DecisionTreeRegressor(DecisionTreeRegressor(input_matrix, DecisionTreeRegressor__max_depth=10, DecisionTreeRegressor__min_samples_leaf=15, DecisionTreeRegressor__min_samples_split=12), DecisionTreeRegressor__max_depth=7, DecisionTreeRegressor__min_samples_leaf=15, DecisionTreeRegressor__min_samples_split=4)
INFO:root:Metrics: -34.0038193174547
INFO:root:Generation 96
INFO:root:Best Pipeline: ExtraTreesRegressor(input_matrix, ExtraTreesRegressor__bootstrap=True, ExtraTreesRegressor__max_features=0.55, ExtraTreesRegressor__min_samples_leaf=17, ExtraTreesRegressor__min_samples_split=10, ExtraTreesRegressor__n_estimators=100)
INFO:root:Metrics: -12.485906470341892
INFO:root:Generation 97
INFO:root:Best Pipeline: ExtraTreesRegressor(input_matrix, ExtraTreesRegressor__bootstrap=True, ExtraTreesRegressor__max_features=0.45, ExtraTreesRegressor__min_samples_leaf=19, ExtraTreesRegressor__min_samples_split=6, ExtraTreesRegressor__n_estimators=100)
INFO:root:Metrics: -13.24374218142068
INFO:root:Generation 98
INFO:root:Best Pipeline: KNeighborsRegressor(input_matrix, KNeighborsRegressor__n_neighbors=22, KNeighborsRegressor__p=2, KNeighborsRegressor__weights=distance)
INFO:root:Metrics: -18.908820210054202
INFO:root:Generation 99
INFO:root:Best Pipeline: DecisionTreeRegressor(RobustScaler(input_matrix), DecisionTreeRegressor__max_depth=7, DecisionTreeRegressor__min_samples_leaf=3, DecisionTreeRegressor__min_samples_split=4)
INFO:root:Metrics: -56.55423817498346
INFO:root:Generation 100
INFO:root:Best Pipeline: DecisionTreeRegressor(input_matrix, DecisionTreeRegressor__max_depth=4, DecisionTreeRegressor__min_samples_leaf=12, DecisionTreeRegressor__min_samples_split=11)
INFO:root:Metrics: -70.27388886443339
INFO:root:Generation 101
INFO:root:Best Pipeline: DecisionTreeRegressor(MinMaxScaler(input_matrix), DecisionTreeRegressor__max_depth=10, DecisionTreeRegressor__min_samples_leaf=15, DecisionTreeRegressor__min_samples_split=5)
INFO:root:Metrics: -39.63751344648854
INFO:root:Generation 102
INFO:root:Best Pipeline: XGBRegressor(input_matrix, XGBRegressor__learning_rate=0.5, XGBRegressor__max_depth=9, XGBRegressor__min_child_weight=12, XGBRegressor__n_estimators=100, XGBRegressor__n_jobs=1, XGBRegressor__objective=reg:squarederror, XGBRegressor__subsample=0.9500000000000001, XGBRegressor__verbosity=0)
INFO:root:Metrics: -3.2427220711803457
INFO:root:Generation 103
INFO:root:Best Pipeline: DecisionTreeRegressor(RidgeCV(DecisionTreeRegressor(input_matrix, DecisionTreeRegressor__max_depth=10, DecisionTreeRegressor__min_samples_leaf=15, DecisionTreeRegressor__min_samples_split=12)), DecisionTreeRegressor__max_depth=7, DecisionTreeRegressor__min_samples_leaf=3, DecisionTreeRegressor__min_samples_split=4)
INFO:root:Metrics: -33.95679742241613
INFO:root:Generation 104
INFO:root:Best Pipeline: XGBRegressor(DecisionTreeRegressor(DecisionTreeRegressor(input_matrix, DecisionTreeRegressor__max_depth=10, DecisionTreeRegressor__min_samples_leaf=15, DecisionTreeRegressor__min_samples_split=12), DecisionTreeRegressor__max_depth=10, DecisionTreeRegressor__min_samples_leaf=15, DecisionTreeRegressor__min_samples_split=4), XGBRegressor__learning_rate=1.0, XGBRegressor__max_depth=7, XGBRegressor__min_child_weight=6, XGBRegressor__n_estimators=100, XGBRegressor__n_jobs=1, XGBRegressor__objective=reg:squarederror, XGBRegressor__subsample=0.6000000000000001, XGBRegressor__verbosity=0)
INFO:root:Metrics: -6.033280149161592
INFO:root:Generation 105
INFO:root:Best Pipeline: DecisionTreeRegressor(ZeroCount(RobustScaler(DecisionTreeRegressor(input_matrix, DecisionTreeRegressor__max_depth=10, DecisionTreeRegressor__min_samples_leaf=15, DecisionTreeRegressor__min_samples_split=3))), DecisionTreeRegressor__max_depth=7, DecisionTreeRegressor__min_samples_leaf=3, DecisionTreeRegressor__min_samples_split=4)
INFO:root:Metrics: -33.9667537138359
INFO:root:Generation 106
INFO:root:Best Pipeline: KNeighborsRegressor(input_matrix, KNeighborsRegressor__n_neighbors=91, KNeighborsRegressor__p=2, KNeighborsRegressor__weights=distance)
INFO:root:Metrics: -31.234709373243184
INFO:root:Generation 107
INFO:root:Best Pipeline: XGBRegressor(input_matrix, XGBRegressor__learning_rate=1.0, XGBRegressor__max_depth=7, XGBRegressor__min_child_weight=6, XGBRegressor__n_estimators=100, XGBRegressor__n_jobs=1, XGBRegressor__objective=reg:squarederror, XGBRegressor__subsample=0.6000000000000001, XGBRegressor__verbosity=0)
INFO:root:Metrics: -7.2992645215243055
INFO:root:Generation 108
INFO:root:Best Pipeline: DecisionTreeRegressor(input_matrix, DecisionTreeRegressor__max_depth=10, DecisionTreeRegressor__min_samples_leaf=15, DecisionTreeRegressor__min_samples_split=17)
INFO:root:Metrics: -38.417983471181905
INFO:root:Generation 109
INFO:root:Best Pipeline: XGBRegressor(DecisionTreeRegressor(input_matrix, DecisionTreeRegressor__max_depth=10, DecisionTreeRegressor__min_samples_leaf=15, DecisionTreeRegressor__min_samples_split=4), XGBRegressor__learning_rate=1.0, XGBRegressor__max_depth=5, XGBRegressor__min_child_weight=6, XGBRegressor__n_estimators=100, XGBRegressor__n_jobs=1, XGBRegressor__objective=reg:squarederror, XGBRegressor__subsample=0.6000000000000001, XGBRegressor__verbosity=0)
INFO:root:Metrics: -13.41007167881126
INFO:root:Generation 110
INFO:root:Best Pipeline: DecisionTreeRegressor(RobustScaler(DecisionTreeRegressor(input_matrix, DecisionTreeRegressor__max_depth=10, DecisionTreeRegressor__min_samples_leaf=1, DecisionTreeRegressor__min_samples_split=3)), DecisionTreeRegressor__max_depth=7, DecisionTreeRegressor__min_samples_leaf=3, DecisionTreeRegressor__min_samples_split=4)
INFO:root:Metrics: -33.98212361193554
INFO:root:Generation 111
INFO:root:Best Pipeline: DecisionTreeRegressor(input_matrix, DecisionTreeRegressor__max_depth=10, DecisionTreeRegressor__min_samples_leaf=3, DecisionTreeRegressor__min_samples_split=17)
INFO:root:Metrics: -38.40204536453589
INFO:root:Generation 112
INFO:root:Best Pipeline: ExtraTreesRegressor(StandardScaler(input_matrix), ExtraTreesRegressor__bootstrap=False, ExtraTreesRegressor__max_features=0.45, ExtraTreesRegressor__min_samples_leaf=6, ExtraTreesRegressor__min_samples_split=6, ExtraTreesRegressor__n_estimators=100)
INFO:root:Metrics: -inf
